#
# A fatal error has been detected by the Java Runtime Environment:
#
#  SIGSEGV (0xb) at pc=0x00000001286e7834, pid=80100, tid=0x0000000000000203
#
# JRE version: OpenJDK Runtime Environment (8.0_275-b01) (build 1.8.0_275-b01)
# Java VM: OpenJDK 64-Bit Server VM (25.275-b01 mixed mode bsd-amd64 compressed oops)
# Problematic frame:
# C  [libglass.dylib+0x5834]  -[GlassApplication applicationWillHide:]+0xd4
#
# Failed to write core dump. Core dumps have been disabled. To enable core dumping, try "ulimit -c unlimited" before starting Java again
#
# If you would like to submit a bug report, please include
# instructions on how to reproduce the bug and visit:
#   http://bugreport.java.com/bugreport/crash.jsp
#

---------------  T H R E A D  ---------------

Current thread is native thread

siginfo: si_signo: 11 (SIGSEGV), si_code: 2 (SEGV_ACCERR), si_addr: 0x0000000000000000

Registers:
RAX=0x00007f9a01536780, RBX=0x0000000000000000, RCX=0x00007f9a0200b088, RDX=0x0000000000000000
RSP=0x00000003090e7730, RBP=0x00000003090e7b60, RSI=0x00007f9a0200b000, RDI=0x00007f9a0200b080
R8 =0x0000000000000000, R9 =0x00007fff884a4f60, R10=0x00007fff884a2248, R11=0x00007fff210826dc
R12=0x00007f99c1a2c800, R13=0x00007fff201aabc0, R14=0x00007f9a01723200, R15=0x00007f9a01536780
RIP=0x00000001286e7834, EFLAGS=0x0000000000000206, ERR=0x0000000000000004
  TRAPNO=0x000000000000000e

Top of Stack: (sp=0x00000003090e7730)
0x00000003090e7730:   00000001286e77d5 00007fff203fc885
0x00000003090e7740:   00007fff20498224 00007fff204981a7
0x00000003090e7750:   00007fff203cd536 00007fff2106eabe
0x00000003090e7760:   00007fff22dec421 00007fff22d65d06
0x00000003090e7770:   00007fff2888ef00 00007fff2888e2d9
0x00000003090e7780:   00007fff288a3b1a 00007fff22b542cc
0x00000003090e7790:   00007fff22b5270b 00007fff22b44b9a
0x00000003090e77a0:   000000012eb237f9 000000012f6776a9
0x00000003090e77b0:   00007fff210e54d9 00007fff2040730d
0x00000003090e77c0:   00007fff20407275 00007fff20406ff5
0x00000003090e77d0:   00007fff20405a3d 00007fff20404fd2
0x00000003090e77e0:   00000001026acba2 00000001026a9094
0x00000003090e77f0:   00000001026af6f4 00007fff2032a591
0x00000003090e7800:   0000000000000000 00000000000043a0
0x00000003090e7810:   6974636119117f00 7672655365746176
0x00000003090e7820:   6552687469577265 32767c003a796c70
0x00000003090e7830:   313f40383a304034 0000000043a00036
0x00000003090e7840:   00000000e0000000 0000000000000000
0x00000003090e7850:   0000000000000000 0000000000000000
0x00000003090e7860:   0000000000000000 0000000000000000
0x00000003090e7870:   0000000000000000 0000000000000000
0x00000003090e7880:   0000000000000000 0000000000000000
0x00000003090e7890:   0000000000000000 0000000000000000
0x00000003090e78a0:   0000000000000000 0000000000000000
0x00000003090e78b0:   0000000000000000 0000000000000000
0x00000003090e78c0:   0000000000000000 0000000000000000
0x00000003090e78d0:   0000000000000000 0000000000000000
0x00000003090e78e0:   0000000000000000 0000000000000000
0x00000003090e78f0:   0000000000000000 0000000000000000
0x00000003090e7900:   0000000000000000 0000000000000000
0x00000003090e7910:   0000000000000000 0000000000000000
0x00000003090e7920:   000000000000003c 000000000000e67d 

Instructions: (pc=0x00000001286e7834)
0x00000001286e7814:   8b 35 76 9c 03 00 4c 8b 2d 5f 19 03 00 41 ff d5
0x00000001286e7824:   48 8b 35 15 9c 03 00 48 89 c7 41 ff d5 49 89 c7
0x00000001286e7834:   48 8b 03 4c 8b a0 e8 01 00 00 48 8b 05 43 b1 03
0x00000001286e7844:   00 4d 8b 34 06 48 8b 3d 78 ae 03 00 48 8b 35 71 

Register to memory mapping:

RAX=0x00007f9a01536780 is an unknown value
RBX=0x0000000000000000 is an unknown value
RCX=0x00007f9a0200b088 is an unknown value
RDX=0x0000000000000000 is an unknown value
RSP=0x00000003090e7730 is an unknown value
RBP=0x00000003090e7b60 is an unknown value
RSI=0x00007f9a0200b000 is an unknown value
RDI=0x00007f9a0200b080 is an unknown value
R8 =0x0000000000000000 is an unknown value
R9 =0x00007fff884a4f60: _NSAPCache+0 in /System/Library/Frameworks/Foundation.framework/Versions/C/Foundation at 0x00007fff21065000
R10=0x00007fff884a2248: OBJC_CLASS_$_NSAutoreleasePool+0 in /System/Library/Frameworks/Foundation.framework/Versions/C/Foundation at 0x00007fff21065000
R11=0x00007fff210826dc: -[NSAutoreleasePool init]+0 in /System/Library/Frameworks/Foundation.framework/Versions/C/Foundation at 0x00007fff21065000
R12=0x00007f99c1a2c800 is an unknown value
R13=0x00007fff201aabc0: objc_msgSend+0 in /usr/lib/libobjc.A.dylib at 0x00007fff201a4000
R14=0x00007f9a01723200 is an unknown value
R15=0x00007f9a01536780 is an unknown value


Stack: [0x00000003088ed000,0x00000003090ed000],  sp=0x00000003090e7730,  free space=8169k
Native frames: (J=compiled Java code, j=interpreted, Vv=VM code, C=native code)
C  [libglass.dylib+0x5834]  -[GlassApplication applicationWillHide:]+0xd4
C  [CoreFoundation+0x76885]  __CFNOTIFICATIONCENTER_IS_CALLING_OUT_TO_AN_OBSERVER__+0xc
C  [CoreFoundation+0x112224]  ___CFXRegistrationPost_block_invoke+0x31
C  [CoreFoundation+0x1121a7]  _CFXRegistrationPost+0x1c6
C  [CoreFoundation+0x47536]  _CFXNotificationPost+0x313
C  [Foundation+0x9abe]  -[NSNotificationCenter postNotificationName:object:userInfo:]+0x3b
C  [AppKit+0x2d7421]  -[NSApplication _doHideMaybeFakingIt:]+0x118
C  [AppKit+0x250d06]  _hideShowHandler+0x8a
C  [HIToolbox+0x9f00]  _ZL23DispatchEventToHandlersP14EventTargetRecP14OpaqueEventRefP14HandlerCallRec+0x597
C  [HIToolbox+0x92d9]  _ZL30SendEventToEventTargetInternalP14OpaqueEventRefP20OpaqueEventTargetRefP14HandlerCallRec+0x149
C  [HIToolbox+0x1eb1a]  SendEventToEventTarget+0x27
C  [AppKit+0x3f2cc]  _DPSNextEvent+0x6fa
C  [AppKit+0x3d70b]  -[NSApplication(NSEvent) _nextEventMatchingEventMask:untilDate:inMode:dequeue:]+0x556
C  [AppKit+0x2fb9a]  -[NSApplication run]+0x24a
C  [libosxapp.dylib+0x27f9]  +[NSApplicationAWT runAWTLoopWithApp:]+0x9d
C  [libawt_lwawt.dylib+0x476a9]  -[AWTStarter starter:]+0x37a
C  [Foundation+0x804d9]  __NSThreadPerformPerform+0xcc
C  [CoreFoundation+0x8130d]  __CFRUNLOOP_IS_CALLING_OUT_TO_A_SOURCE0_PERFORM_FUNCTION__+0x11
C  [CoreFoundation+0x81275]  __CFRunLoopDoSource0+0xb4
C  [CoreFoundation+0x80ff5]  __CFRunLoopDoSources0+0xf8
C  [CoreFoundation+0x7fa3d]  __CFRunLoopRun+0x37e
C  [CoreFoundation+0x7efd2]  CFRunLoopRunSpecific+0x237
C  [java+0x5ba2]  CreateExecutionEnvironment+0x363
C  [java+0x2094]  JLI_Launch+0x804
C  [java+0x86f4]  main+0x6c
C  [libdyld.dylib+0x16591]  start+0x1


---------------  P R O C E S S  ---------------

VM state:not at safepoint (normal execution)

VM Mutex/Monitor currently owned by a thread: None

heap address: 0x0000000740000000, size: 2048 MB, Compressed Oops mode: Zero based, Oop shift amount: 3
Narrow klass base: 0x0000000000000000, Narrow klass shift: 3
Compressed class space size: 1073741824 Address: 0x00000007c0000000

Heap:
 PSYoungGen      total 71680K, used 48553K [0x0000000795580000, 0x000000079e180000, 0x00000007c0000000)
  eden space 66560K, 72% used [0x0000000795580000,0x00000007984ea708,0x0000000799680000)
  from space 5120K, 0% used [0x0000000799680000,0x0000000799680000,0x0000000799b80000)
  to   space 5120K, 0% used [0x000000079dc80000,0x000000079dc80000,0x000000079e180000)
 ParOldGen       total 80384K, used 25805K [0x0000000740000000, 0x0000000744e80000, 0x0000000795580000)
  object space 80384K, 32% used [0x0000000740000000,0x00000007419335f8,0x0000000744e80000)
 Metaspace       used 25786K, capacity 26852K, committed 27136K, reserved 1073152K
  class space    used 3484K, capacity 3728K, committed 3840K, reserved 1048576K

Card table byte_map: [0x000000011f7ad000,0x000000011fbae000] byte_map_base: 0x000000011bdad000

Marking Bits: (ParMarkBitMap*) 0x000000010f740438
 Begin Bits: [0x000000011fe59000, 0x0000000121e59000)
 End Bits:   [0x0000000121e59000, 0x0000000123e59000)

Polling page: 0x000000010aa5d000

CodeCache: size=245760Kb used=9829Kb max_used=9858Kb free=235930Kb
 bounds [0x00000001107ad000, 0x000000011115d000, 0x000000011f7ad000]
 total_blobs=3866 nmethods=3138 adapters=642
 compilation: enabled

Compilation events (10 events):
Event: 35.181 Thread 0x00007f9a0385e800 nmethod 3262 0x00000001111473d0 code [0x0000000111147520, 0x00000001111475b8]
Event: 35.198 Thread 0x00007f9a05015800 3263       3       java.util.regex.Pattern$Slice::match (79 bytes)
Event: 35.199 Thread 0x00007f9a05015800 nmethod 3263 0x000000011114fe10 code [0x000000011114ffa0, 0x0000000111150438]
Event: 35.199 Thread 0x00007f9a05015800 3264       3       java.util.regex.Matcher::reset (83 bytes)
Event: 35.200 Thread 0x00007f9a05015800 nmethod 3264 0x000000011114f610 code [0x000000011114f7a0, 0x000000011114fc48]
Event: 35.208 Thread 0x00007f9a0205e000 nmethod 3249 0x0000000111155a90 code [0x0000000111155da0, 0x0000000111157890]
Event: 35.223 Thread 0x00007f9a05015800 3266       3       sun.reflect.Reflection::isSubclassOf (21 bytes)
Event: 35.224 Thread 0x00007f9a05015800 nmethod 3266 0x00000001108e8c50 code [0x00000001108e8dc0, 0x00000001108e90a8]
Event: 35.229 Thread 0x00007f9a05015800 3265       3       sun.reflect.ReflectionFactory::newConstructorAccessor (132 bytes)
Event: 35.232 Thread 0x00007f9a05015800 nmethod 3265 0x0000000111152810 code [0x0000000111152b80, 0x0000000111154af8]

GC Heap History (8 events):
Event: 5.391 GC heap before
{Heap before GC invocations=1 (full 0):
 PSYoungGen      total 38400K, used 33280K [0x0000000795580000, 0x0000000798000000, 0x00000007c0000000)
  eden space 33280K, 100% used [0x0000000795580000,0x0000000797600000,0x0000000797600000)
  from space 5120K, 0% used [0x0000000797b00000,0x0000000797b00000,0x0000000798000000)
  to   space 5120K, 0% used [0x0000000797600000,0x0000000797600000,0x0000000797b00000)
 ParOldGen       total 87552K, used 0K [0x0000000740000000, 0x0000000745580000, 0x0000000795580000)
  object space 87552K, 0% used [0x0000000740000000,0x0000000740000000,0x0000000745580000)
 Metaspace       used 10958K, capacity 11366K, committed 11648K, reserved 1058816K
  class space    used 1486K, capacity 1619K, committed 1664K, reserved 1048576K
Event: 5.484 GC heap after
Heap after GC invocations=1 (full 0):
 PSYoungGen      total 38400K, used 5117K [0x0000000795580000, 0x000000079a080000, 0x00000007c0000000)
  eden space 33280K, 0% used [0x0000000795580000,0x0000000795580000,0x0000000797600000)
  from space 5120K, 99% used [0x0000000797600000,0x0000000797aff5f0,0x0000000797b00000)
  to   space 5120K, 0% used [0x0000000799b80000,0x0000000799b80000,0x000000079a080000)
 ParOldGen       total 87552K, used 2252K [0x0000000740000000, 0x0000000745580000, 0x0000000795580000)
  object space 87552K, 2% used [0x0000000740000000,0x00000007402333c0,0x0000000745580000)
 Metaspace       used 10958K, capacity 11366K, committed 11648K, reserved 1058816K
  class space    used 1486K, capacity 1619K, committed 1664K, reserved 1048576K
}
Event: 8.248 GC heap before
{Heap before GC invocations=2 (full 0):
 PSYoungGen      total 38400K, used 38397K [0x0000000795580000, 0x000000079a080000, 0x00000007c0000000)
  eden space 33280K, 100% used [0x0000000795580000,0x0000000797600000,0x0000000797600000)
  from space 5120K, 99% used [0x0000000797600000,0x0000000797aff5f0,0x0000000797b00000)
  to   space 5120K, 0% used [0x0000000799b80000,0x0000000799b80000,0x000000079a080000)
 ParOldGen       total 87552K, used 2252K [0x0000000740000000, 0x0000000745580000, 0x0000000795580000)
  object space 87552K, 2% used [0x0000000740000000,0x00000007402333c0,0x0000000745580000)
 Metaspace       used 15008K, capacity 15668K, committed 15744K, reserved 1062912K
  class space    used 2220K, capacity 2378K, committed 2432K, reserved 1048576K
Event: 8.354 GC heap after
Heap after GC invocations=2 (full 0):
 PSYoungGen      total 71680K, used 5102K [0x0000000795580000, 0x000000079a080000, 0x00000007c0000000)
  eden space 66560K, 0% used [0x0000000795580000,0x0000000795580000,0x0000000799680000)
  from space 5120K, 99% used [0x0000000799b80000,0x000000079a07bb20,0x000000079a080000)
  to   space 5120K, 0% used [0x0000000799680000,0x0000000799680000,0x0000000799b80000)
 ParOldGen       total 87552K, used 19211K [0x0000000740000000, 0x0000000745580000, 0x0000000795580000)
  object space 87552K, 21% used [0x0000000740000000,0x00000007412c2e18,0x0000000745580000)
 Metaspace       used 15008K, capacity 15668K, committed 15744K, reserved 1062912K
  class space    used 2220K, capacity 2378K, committed 2432K, reserved 1048576K
}
Event: 31.589 GC heap before
{Heap before GC invocations=3 (full 0):
 PSYoungGen      total 71680K, used 40183K [0x0000000795580000, 0x000000079a080000, 0x00000007c0000000)
  eden space 66560K, 52% used [0x0000000795580000,0x00000007977c2358,0x0000000799680000)
  from space 5120K, 99% used [0x0000000799b80000,0x000000079a07bb20,0x000000079a080000)
  to   space 5120K, 0% used [0x0000000799680000,0x0000000799680000,0x0000000799b80000)
 ParOldGen       total 87552K, used 19211K [0x0000000740000000, 0x0000000745580000, 0x0000000795580000)
  object space 87552K, 21% used [0x0000000740000000,0x00000007412c2e18,0x0000000745580000)
 Metaspace       used 20220K, capacity 21184K, committed 21248K, reserved 1067008K
  class space    used 2763K, capacity 3020K, committed 3072K, reserved 1048576K
Event: 31.648 GC heap after
Heap after GC invocations=3 (full 0):
 PSYoungGen      total 71680K, used 5117K [0x0000000795580000, 0x000000079e180000, 0x00000007c0000000)
  eden space 66560K, 0% used [0x0000000795580000,0x0000000795580000,0x0000000799680000)
  from space 5120K, 99% used [0x0000000799680000,0x0000000799b7f518,0x0000000799b80000)
  to   space 5120K, 0% used [0x000000079dc80000,0x000000079dc80000,0x000000079e180000)
 ParOldGen       total 87552K, used 26455K [0x0000000740000000, 0x0000000745580000, 0x0000000795580000)
  object space 87552K, 30% used [0x0000000740000000,0x00000007419d5d60,0x0000000745580000)
 Metaspace       used 20220K, capacity 21184K, committed 21248K, reserved 1067008K
  class space    used 2763K, capacity 3020K, committed 3072K, reserved 1048576K
}
Event: 31.649 GC heap before
{Heap before GC invocations=4 (full 1):
 PSYoungGen      total 71680K, used 5117K [0x0000000795580000, 0x000000079e180000, 0x00000007c0000000)
  eden space 66560K, 0% used [0x0000000795580000,0x0000000795580000,0x0000000799680000)
  from space 5120K, 99% used [0x0000000799680000,0x0000000799b7f518,0x0000000799b80000)
  to   space 5120K, 0% used [0x000000079dc80000,0x000000079dc80000,0x000000079e180000)
 ParOldGen       total 87552K, used 26455K [0x0000000740000000, 0x0000000745580000, 0x0000000795580000)
  object space 87552K, 30% used [0x0000000740000000,0x00000007419d5d60,0x0000000745580000)
 Metaspace       used 20220K, capacity 21184K, committed 21248K, reserved 1067008K
  class space    used 2763K, capacity 3020K, committed 3072K, reserved 1048576K
Event: 31.707 GC heap after
Heap after GC invocations=4 (full 1):
 PSYoungGen      total 71680K, used 0K [0x0000000795580000, 0x000000079e180000, 0x00000007c0000000)
  eden space 66560K, 0% used [0x0000000795580000,0x0000000795580000,0x0000000799680000)
  from space 5120K, 0% used [0x0000000799680000,0x0000000799680000,0x0000000799b80000)
  to   space 5120K, 0% used [0x000000079dc80000,0x000000079dc80000,0x000000079e180000)
 ParOldGen       total 80384K, used 25805K [0x0000000740000000, 0x0000000744e80000, 0x0000000795580000)
  object space 80384K, 32% used [0x0000000740000000,0x00000007419335f8,0x0000000744e80000)
 Metaspace       used 20220K, capacity 21184K, committed 21248K, reserved 1067008K
  class space    used 2763K, capacity 3020K, committed 3072K, reserved 1048576K
}

Deoptimization events (10 events):
Event: 34.760 Thread 0x00007f99c1875800 Uncommon trap: reason=class_check action=maybe_recompile pc=0x0000000111060a6c method=java.util.regex.Pattern$BmpCharProperty.match(Ljava/util/regex/Matcher;ILjava/lang/CharSequence;)Z @ 16
Event: 34.760 Thread 0x00007f99c1875800 Uncommon trap: reason=class_check action=maybe_recompile pc=0x0000000111060a6c method=java.util.regex.Pattern$BmpCharProperty.match(Ljava/util/regex/Matcher;ILjava/lang/CharSequence;)Z @ 16
Event: 34.760 Thread 0x00007f99c1875800 Uncommon trap: reason=class_check action=maybe_recompile pc=0x0000000111060a6c method=java.util.regex.Pattern$BmpCharProperty.match(Ljava/util/regex/Matcher;ILjava/lang/CharSequence;)Z @ 16
Event: 34.763 Thread 0x00007f99c1875800 Uncommon trap: reason=bimorphic action=maybe_recompile pc=0x0000000111087bc8 method=java.util.regex.Pattern$BmpCharProperty.match(Ljava/util/regex/Matcher;ILjava/lang/CharSequence;)Z @ 31
Event: 34.763 Thread 0x00007f99c1875800 Uncommon trap: reason=bimorphic action=maybe_recompile pc=0x0000000111087bc8 method=java.util.regex.Pattern$BmpCharProperty.match(Ljava/util/regex/Matcher;ILjava/lang/CharSequence;)Z @ 31
Event: 34.764 Thread 0x00007f99c1875800 Uncommon trap: reason=bimorphic action=maybe_recompile pc=0x0000000111087bc8 method=java.util.regex.Pattern$BmpCharProperty.match(Ljava/util/regex/Matcher;ILjava/lang/CharSequence;)Z @ 31
Event: 34.931 Thread 0x00007f99c1875800 Uncommon trap: reason=unstable_if action=reinterpret pc=0x0000000111121cb8 method=java.io.BufferedReader.readLine(Z)Ljava/lang/String; @ 137
Event: 34.997 Thread 0x00007f99c1875800 Uncommon trap: reason=unstable_if action=reinterpret pc=0x0000000111017a78 method=java.util.concurrent.ConcurrentHashMap.putVal(Ljava/lang/Object;Ljava/lang/Object;Z)Ljava/lang/Object; @ 331
Event: 35.138 Thread 0x00007f99c1875800 Uncommon trap: reason=unstable_if action=reinterpret pc=0x0000000111105a80 method=java.util.regex.Pattern$BmpCharProperty.match(Ljava/util/regex/Matcher;ILjava/lang/CharSequence;)Z @ 34
Event: 35.277 Thread 0x00007f99c1875800 Uncommon trap: reason=unstable_if action=reinterpret pc=0x00000001110e56ec method=java.util.Arrays.equals([B[B)Z @ 2

Classes redefined (0 events):
No events

Internal exceptions (10 events):
Event: 32.177 Thread 0x00007f99c1875800 Exception <a 'java/lang/ArrayIndexOutOfBoundsException'> (0x0000000795fe65e8) thrown at [/corretto/workspace/corretto8-repo/installers/mac/tar/corretto-build/buildRoot/src/hotspot/src/share/vm/runtime/sharedRuntime.cpp, line 609]
Event: 32.185 Thread 0x00007f99c1875800 Exception <a 'java/lang/ArrayIndexOutOfBoundsException'> (0x0000000795ff2200) thrown at [/corretto/workspace/corretto8-repo/installers/mac/tar/corretto-build/buildRoot/src/hotspot/src/share/vm/runtime/sharedRuntime.cpp, line 609]
Event: 32.186 Thread 0x00007f99c1875800 Exception <a 'java/lang/ArrayIndexOutOfBoundsException'> (0x0000000795ff3d90) thrown at [/corretto/workspace/corretto8-repo/installers/mac/tar/corretto-build/buildRoot/src/hotspot/src/share/vm/runtime/sharedRuntime.cpp, line 609]
Event: 32.241 Thread 0x00007f99c1875800 Exception <a 'java/lang/ArrayIndexOutOfBoundsException'> (0x00000007960c5008) thrown at [/corretto/workspace/corretto8-repo/installers/mac/tar/corretto-build/buildRoot/src/hotspot/src/share/vm/runtime/sharedRuntime.cpp, line 609]
Event: 32.244 Thread 0x00007f99c1875800 Exception <a 'java/lang/ArrayIndexOutOfBoundsException'> (0x00000007960c6388) thrown at [/corretto/workspace/corretto8-repo/installers/mac/tar/corretto-build/buildRoot/src/hotspot/src/share/vm/runtime/sharedRuntime.cpp, line 609]
Event: 32.289 Thread 0x00007f99c1875800 Exception <a 'java/lang/ArrayIndexOutOfBoundsException'> (0x000000079611ad20) thrown at [/corretto/workspace/corretto8-repo/installers/mac/tar/corretto-build/buildRoot/src/hotspot/src/share/vm/runtime/sharedRuntime.cpp, line 609]
Event: 32.398 Thread 0x00007f99c1875800 Exception <a 'java/lang/ArrayIndexOutOfBoundsException'> (0x00000007961bd2e0) thrown at [/corretto/workspace/corretto8-repo/installers/mac/tar/corretto-build/buildRoot/src/hotspot/src/share/vm/runtime/sharedRuntime.cpp, line 609]
Event: 32.464 Thread 0x00007f99c1875800 Exception <a 'java/lang/ArrayIndexOutOfBoundsException': 170> (0x00000007961f2d50) thrown at [/corretto/workspace/corretto8-repo/installers/mac/tar/corretto-build/buildRoot/src/hotspot/src/share/vm/interpreter/interpreterRuntime.cpp, line 371]
Event: 32.479 Thread 0x00007f99c1875800 Exception <a 'java/lang/ArrayIndexOutOfBoundsException': 60> (0x00000007961f9f50) thrown at [/corretto/workspace/corretto8-repo/installers/mac/tar/corretto-build/buildRoot/src/hotspot/src/share/vm/interpreter/interpreterRuntime.cpp, line 371]
Event: 33.440 Thread 0x00007f99c1875800 Implicit null exception at 0x0000000110fd722a to 0x0000000110fd732d

Events (10 events):
Event: 35.228 Thread 0x00007f9a05015800 flushing nmethod 0x0000000110952ed0
Event: 35.228 Thread 0x00007f9a05015800 flushing nmethod 0x0000000110966bd0
Event: 35.245 Thread 0x00007f9a05015800 flushing nmethod 0x0000000110a0f650
Event: 35.258 loading class sun/misc/ThreadGroupUtils
Event: 35.259 loading class sun/misc/ThreadGroupUtils done
Event: 35.259 loading class java/awt/GraphicsEnvironment
Event: 35.259 loading class java/awt/GraphicsEnvironment done
Event: 35.277 Thread 0x00007f99c1875800 Uncommon trap: trap_request=0xffffff65 fr.pc=0x00000001110e56ec
Event: 35.277 Thread 0x00007f99c1875800 DEOPT PACKING pc=0x00000001110e56ec sp=0x000000030b170000
Event: 35.277 Thread 0x00007f99c1875800 DEOPT UNPACKING pc=0x00000001107f247a sp=0x000000030b16ffc0 mode 2


Dynamic libraries:
0x00007ffdffec1000 	/Library/Apple/usr/libexec/oah/runtime
0x00007fff351ad000 	/System/Library/Frameworks/Cocoa.framework/Versions/A/Cocoa
0x00007fff220f1000 	/System/Library/Frameworks/Security.framework/Versions/A/Security
0x00007fff33405000 	/System/Library/Frameworks/ApplicationServices.framework/Versions/A/ApplicationServices
0x00007fff2a57e000 	/usr/lib/libz.1.dylib
0x00007fff2a64a000 	/usr/lib/libSystem.B.dylib
0x00007fff20386000 	/System/Library/Frameworks/CoreFoundation.framework/Versions/A/CoreFoundation
0x00007fff21065000 	/System/Library/Frameworks/Foundation.framework/Versions/C/Foundation
0x00007fff201a4000 	/usr/lib/libobjc.A.dylib
0x00007fff22b15000 	/System/Library/Frameworks/AppKit.framework/Versions/C/AppKit
0x00007fff259c2000 	/System/Library/Frameworks/CoreData.framework/Versions/A/CoreData
0x00007fff23871000 	/System/Library/PrivateFrameworks/UIFoundation.framework/Versions/A/UIFoundation
0x00007fff2fde8000 	/System/Library/PrivateFrameworks/RemoteViewServices.framework/Versions/A/RemoteViewServices
0x00007fff28b99000 	/System/Library/PrivateFrameworks/XCTTargetBootstrap.framework/Versions/A/XCTTargetBootstrap
0x00007fff2b8e7000 	/usr/lib/libspindump.dylib
0x00007fff23ac5000 	/System/Library/Frameworks/UniformTypeIdentifiers.framework/Versions/A/UniformTypeIdentifiers
0x00007fff2736c000 	/usr/lib/libapp_launch_measurement.dylib
0x00007fff2736f000 	/System/Library/PrivateFrameworks/CoreAutoLayout.framework/Versions/A/CoreAutoLayout
0x00007fff284fa000 	/System/Library/Frameworks/Metal.framework/Versions/A/Metal
0x00007fff291ef000 	/usr/lib/liblangid.dylib
0x00007fff28b9d000 	/System/Library/PrivateFrameworks/CoreSVG.framework/Versions/A/CoreSVG
0x00007fff24aab000 	/System/Library/PrivateFrameworks/SkyLight.framework/Versions/A/SkyLight
0x00007fff24e0a000 	/System/Library/Frameworks/CoreGraphics.framework/Versions/A/CoreGraphics
0x00007fff3043f000 	/System/Library/Frameworks/Accelerate.framework/Versions/A/Accelerate
0x00007fff2b322000 	/System/Library/PrivateFrameworks/IconServices.framework/Versions/A/IconServices
0x00007fff284db000 	/System/Library/Frameworks/IOSurface.framework/Versions/A/IOSurface
0x00007fff26354000 	/usr/lib/libDiagnosticMessagesClient.dylib
0x00007fff28b85000 	/System/Library/PrivateFrameworks/DFRFoundation.framework/Versions/A/DFRFoundation
0x00007fff22441000 	/usr/lib/libicucore.A.dylib
0x00007fff2ce22000 	/System/Library/Frameworks/AudioToolbox.framework/Versions/A/AudioToolbox
0x00007fff2c0cd000 	/System/Library/PrivateFrameworks/DataDetectorsCore.framework/Versions/A/DataDetectorsCore
0x00007fff28885000 	/System/Library/Frameworks/Carbon.framework/Versions/A/Frameworks/HIToolbox.framework/Versions/A/HIToolbox
0x00007fff26dd0000 	/System/Library/Frameworks/QuartzCore.framework/Versions/A/QuartzCore
0x00007fff2fe24000 	/System/Library/Frameworks/Carbon.framework/Versions/A/Frameworks/SpeechRecognition.framework/Versions/A/SpeechRecognition
0x00007fff270d4000 	/System/Library/PrivateFrameworks/CoreUI.framework/Versions/A/CoreUI
0x00007fff21a4d000 	/System/Library/Frameworks/CoreAudio.framework/Versions/A/CoreAudio
0x00007fff2643f000 	/System/Library/Frameworks/DiskArbitration.framework/Versions/A/DiskArbitration
0x00007fff2bcdf000 	/System/Library/PrivateFrameworks/MultitouchSupport.framework/Versions/A/MultitouchSupport
0x00007fff2c0c4000 	/System/Library/PrivateFrameworks/InternationalSupport.framework/Versions/A/InternationalSupport
0x00007fff24a1f000 	/usr/lib/libenergytrace.dylib
0x00007fff22a0f000 	/System/Library/Frameworks/IOKit.framework/Versions/A/IOKit
0x00007fff30171000 	/System/Library/Frameworks/CoreServices.framework/Versions/A/CoreServices
0x00007fff27302000 	/System/Library/PrivateFrameworks/PerformanceAnalysis.framework/Versions/A/PerformanceAnalysis
0x00007fff6b65f000 	/System/Library/Frameworks/OpenGL.framework/Versions/A/OpenGL
0x00007fff2c149000 	/System/Library/PrivateFrameworks/UserActivity.framework/Versions/A/UserActivity
0x00007fff254c4000 	/System/Library/Frameworks/ColorSync.framework/Versions/A/ColorSync
0x00007fff28e08000 	/System/Library/Frameworks/CoreImage.framework/Versions/A/CoreImage
0x00007fff21863000 	/System/Library/Frameworks/CoreText.framework/Versions/A/CoreText
0x00007fff28bc7000 	/System/Library/Frameworks/ImageIO.framework/Versions/A/ImageIO
0x00007fff2a650000 	/System/Library/PrivateFrameworks/SoftLinking.framework/Versions/A/SoftLinking
0x00007fff273b7000 	/usr/lib/libxml2.2.dylib
0x00007fff2026a000 	/usr/lib/libc++.1.dylib
0x00007fff2a8c2000 	/usr/lib/libcompression.dylib
0x00007fff24a20000 	/usr/lib/libMobileGestalt.dylib
0x00007fff2bff7000 	/System/Library/PrivateFrameworks/TextureIO.framework/Versions/A/TextureIO
0x00007fff2afb0000 	/usr/lib/libate.dylib
0x00007fff2a644000 	/usr/lib/system/libcache.dylib
0x00007fff2a600000 	/usr/lib/system/libcommonCrypto.dylib
0x00007fff2a62a000 	/usr/lib/system/libcompiler_rt.dylib
0x00007fff2a61f000 	/usr/lib/system/libcopyfile.dylib
0x00007fff20096000 	/usr/lib/system/libcorecrypto.dylib
0x00007fff2015f000 	/usr/lib/system/libdispatch.dylib
0x00007fff20314000 	/usr/lib/system/libdyld.dylib
0x00007fff2a63b000 	/usr/lib/system/libkeymgr.dylib
0x00007fff2dbd1000 	/usr/lib/system/liblaunch.dylib
0x00007fff2a5de000 	/usr/lib/system/libmacho.dylib
0x00007fff29df3000 	/usr/lib/system/libquarantine.dylib
0x00007fff2a638000 	/usr/lib/system/libremovefile.dylib
0x00007fff24a7c000 	/usr/lib/system/libsystem_asl.dylib
0x00007fff20046000 	/usr/lib/system/libsystem_blocks.dylib
0x00007fff201e1000 	/usr/lib/system/libsystem_c.dylib
0x00007fff2a632000 	/usr/lib/system/libsystem_collections.dylib
0x00007fff291e0000 	/usr/lib/system/libsystem_configuration.dylib
0x00007fff284ca000 	/usr/lib/system/libsystem_containermanager.dylib
0x00007fff2a376000 	/usr/lib/system/libsystem_coreservices.dylib
0x00007fff226a3000 	/usr/lib/system/libsystem_darwin.dylib
0x00007fff2a63c000 	/usr/lib/system/libsystem_dnssd.dylib
0x00007fff201de000 	/usr/lib/system/libsystem_featureflags.dylib
0x00007fff2035a000 	/usr/lib/system/libsystem_info.dylib
0x00007fff2a591000 	/usr/lib/system/libsystem_m.dylib
0x00007fff20132000 	/usr/lib/system/libsystem_malloc.dylib
0x00007fff24a10000 	/usr/lib/system/libsystem_networkextension.dylib
0x00007fff22abd000 	/usr/lib/system/libsystem_notify.dylib
0x00007fff3006f000 	/usr/lib/system/libsystem_product_info_filter.dylib
0x00007fff291e4000 	/usr/lib/system/libsystem_sandbox.dylib
0x00007fff2a635000 	/usr/lib/system/libsystem_secinit.dylib
0x00007fff202d9000 	/usr/lib/system/libsystem_kernel.dylib
0x00007fff20350000 	/usr/lib/system/libsystem_platform.dylib
0x00007fff20308000 	/usr/lib/system/libsystem_pthread.dylib
0x00007fff261a2000 	/usr/lib/system/libsystem_symptoms.dylib
0x00007fff2007e000 	/usr/lib/system/libsystem_trace.dylib
0x00007fff2a60c000 	/usr/lib/system/libunwind.dylib
0x00007fff20048000 	/usr/lib/system/libxpc.dylib
0x00007fff202c0000 	/usr/lib/libc++abi.dylib
0x00007fff2a617000 	/usr/lib/liboah.dylib
0x00007fff2acdb000 	/usr/lib/liblzma.5.dylib
0x00007fff20d7b000 	/System/Library/Frameworks/SystemConfiguration.framework/Versions/A/SystemConfiguration
0x00007fff2a64c000 	/usr/lib/libfakelink.dylib
0x00007fff24573000 	/System/Library/Frameworks/CFNetwork.framework/Versions/A/CFNetwork
0x00007fff2a78c000 	/usr/lib/libarchive.2.dylib
0x00007fff20df8000 	/usr/lib/libCRFSuite.dylib
0x00007fff29e1a000 	/usr/lib/libbsm.0.dylib
0x00007fff23f2f000 	/usr/lib/libnetwork.dylib
0x00007fff2a651000 	/usr/lib/libpcap.A.dylib
0x00007fff2619b000 	/usr/lib/libdns_services.dylib
0x00007fff2acf4000 	/usr/lib/libcoretls_cfhelpers.dylib
0x00007fff2a890000 	/usr/lib/libapple_nghttp2.dylib
0x00007fff2a5e4000 	/usr/lib/system/libkxld.dylib
0x00007fff25e09000 	/usr/lib/libsqlite3.dylib
0x00007fff2a358000 	/System/Library/PrivateFrameworks/AppleFSCompression.framework/Versions/A/AppleFSCompression
0x00007fff29e02000 	/usr/lib/libcoretls.dylib
0x00007fff2a8bd000 	/usr/lib/libpam.2.dylib
0x00007fff2adf1000 	/usr/lib/libxar.1.dylib
0x00007fff291eb000 	/System/Library/PrivateFrameworks/AppleSystemInfo.framework/Versions/A/AppleSystemInfo
0x00007fff29a45000 	/System/Library/PrivateFrameworks/IOMobileFramebuffer.framework/Versions/A/IOMobileFramebuffer
0x00007fff2a368000 	/usr/lib/libbz2.1.0.dylib
0x00007fff2a689000 	/usr/lib/libiconv.2.dylib
0x00007fff2a5dd000 	/usr/lib/libcharset.1.dylib
0x00007fff2733e000 	/System/Library/Frameworks/CoreServices.framework/Versions/A/Frameworks/FSEvents.framework/Versions/A/FSEvents
0x00007fff226ad000 	/System/Library/Frameworks/CoreServices.framework/Versions/A/Frameworks/CarbonCore.framework/Versions/A/CarbonCore
0x00007fff263a4000 	/System/Library/Frameworks/CoreServices.framework/Versions/A/Frameworks/Metadata.framework/Versions/A/Metadata
0x00007fff2a37b000 	/System/Library/Frameworks/CoreServices.framework/Versions/A/Frameworks/OSServices.framework/Versions/A/OSServices
0x00007fff2a7fe000 	/System/Library/Frameworks/CoreServices.framework/Versions/A/Frameworks/SearchKit.framework/Versions/A/SearchKit
0x00007fff26125000 	/System/Library/Frameworks/CoreServices.framework/Versions/A/Frameworks/AE.framework/Versions/A/AE
0x00007fff20822000 	/System/Library/Frameworks/CoreServices.framework/Versions/A/Frameworks/LaunchServices.framework/Versions/A/LaunchServices
0x00007fff2ac8c000 	/System/Library/Frameworks/CoreServices.framework/Versions/A/Frameworks/DictionaryServices.framework/Versions/A/DictionaryServices
0x00007fff27347000 	/System/Library/Frameworks/CoreServices.framework/Versions/A/Frameworks/SharedFileList.framework/Versions/A/SharedFileList
0x00007fff29df6000 	/usr/lib/libCheckFix.dylib
0x00007fff24a93000 	/System/Library/PrivateFrameworks/TCC.framework/Versions/A/TCC
0x00007fff291f1000 	/System/Library/PrivateFrameworks/CoreNLP.framework/Versions/A/CoreNLP
0x00007fff26357000 	/System/Library/PrivateFrameworks/MetadataUtilities.framework/Versions/A/MetadataUtilities
0x00007fff20e2e000 	/usr/lib/libmecabra.dylib
0x00007fff2a10a000 	/System/Library/Frameworks/MLCompute.framework/Versions/A/MLCompute
0x00007fff29e2b000 	/usr/lib/libmecab.dylib
0x00007fff29e75000 	/usr/lib/libgermantok.dylib
0x00007fff2a866000 	/usr/lib/libThaiTokenizer.dylib
0x00007fff2ae2c000 	/usr/lib/libChineseTokenizer.dylib
0x00007fff2a8bb000 	/System/Library/Frameworks/MetalPerformanceShaders.framework/Versions/A/MetalPerformanceShaders
0x00007fff26446000 	/System/Library/Frameworks/Accelerate.framework/Versions/A/Frameworks/vImage.framework/Versions/A/vImage
0x00007fff3014a000 	/System/Library/Frameworks/Accelerate.framework/Versions/A/Frameworks/vecLib.framework/Versions/A/vecLib
0x00007fff2ae37000 	/System/Library/Frameworks/Accelerate.framework/Versions/A/Frameworks/vecLib.framework/Versions/A/libvMisc.dylib
0x00007fff298a1000 	/System/Library/Frameworks/Accelerate.framework/Versions/A/Frameworks/vecLib.framework/Versions/A/libvDSP.dylib
0x00007fff20b25000 	/System/Library/Frameworks/Accelerate.framework/Versions/A/Frameworks/vecLib.framework/Versions/A/libBLAS.dylib
0x00007fff2a8e1000 	/System/Library/Frameworks/Accelerate.framework/Versions/A/Frameworks/vecLib.framework/Versions/A/libLAPACK.dylib
0x00007fff29e7b000 	/System/Library/Frameworks/Accelerate.framework/Versions/A/Frameworks/vecLib.framework/Versions/A/libLinearAlgebra.dylib
0x00007fff2a8a8000 	/System/Library/Frameworks/Accelerate.framework/Versions/A/Frameworks/vecLib.framework/Versions/A/libSparseBLAS.dylib
0x00007fff2a8db000 	/System/Library/Frameworks/Accelerate.framework/Versions/A/Frameworks/vecLib.framework/Versions/A/libQuadrature.dylib
0x00007fff29299000 	/System/Library/Frameworks/Accelerate.framework/Versions/A/Frameworks/vecLib.framework/Versions/A/libBNNS.dylib
0x00007fff20d0c000 	/System/Library/Frameworks/Accelerate.framework/Versions/A/Frameworks/vecLib.framework/Versions/A/libSparse.dylib
0x00007fff29184000 	/System/Library/Frameworks/MetalPerformanceShaders.framework/Versions/A/Frameworks/MPSCore.framework/Versions/A/MPSCore
0x00007fff2a2c7000 	/System/Library/Frameworks/MetalPerformanceShaders.framework/Versions/A/Frameworks/MPSImage.framework/Versions/A/MPSImage
0x00007fff29e92000 	/System/Library/Frameworks/MetalPerformanceShaders.framework/Versions/A/Frameworks/MPSNeuralNetwork.framework/Versions/A/MPSNeuralNetwork
0x00007fff2a252000 	/System/Library/Frameworks/MetalPerformanceShaders.framework/Versions/A/Frameworks/MPSMatrix.framework/Versions/A/MPSMatrix
0x00007fff2a0ba000 	/System/Library/Frameworks/MetalPerformanceShaders.framework/Versions/A/Frameworks/MPSRayIntersector.framework/Versions/A/MPSRayIntersector
0x00007fff2a289000 	/System/Library/Frameworks/MetalPerformanceShaders.framework/Versions/A/Frameworks/MPSNDArray.framework/Versions/A/MPSNDArray
0x00007fff20a51000 	/System/Library/PrivateFrameworks/MetalTools.framework/Versions/A/MetalTools
0x00007fff291e9000 	/System/Library/PrivateFrameworks/AggregateDictionary.framework/Versions/A/AggregateDictionary
0x00007fff2632f000 	/System/Library/PrivateFrameworks/CoreAnalytics.framework/Versions/A/CoreAnalytics
0x00007fff2a868000 	/System/Library/PrivateFrameworks/AppleSauce.framework/Versions/A/AppleSauce
0x00007fff284ed000 	/System/Library/PrivateFrameworks/IOAccelerator.framework/Versions/A/IOAccelerator
0x00007fff6b653000 	/System/Library/Frameworks/OpenGL.framework/Versions/A/Libraries/libCoreFSCache.dylib
0x00007fff213c9000 	/System/Library/PrivateFrameworks/LanguageModeling.framework/Versions/A/LanguageModeling
0x00007fff29a32000 	/System/Library/PrivateFrameworks/CoreEmoji.framework/Versions/A/CoreEmoji
0x00007fff29292000 	/System/Library/PrivateFrameworks/LinguisticData.framework/Versions/A/LinguisticData
0x00007fff20cbe000 	/System/Library/PrivateFrameworks/Lexicon.framework/Versions/A/Lexicon
0x00007fff2a77a000 	/usr/lib/libcmph.dylib
0x00007fff2731e000 	/System/Library/Frameworks/OpenDirectory.framework/Versions/A/Frameworks/CFOpenDirectory.framework/Versions/A/CFOpenDirectory
0x00007fff2730e000 	/System/Library/Frameworks/OpenDirectory.framework/Versions/A/OpenDirectory
0x00007fff2acf6000 	/System/Library/PrivateFrameworks/APFS.framework/Versions/A/APFS
0x00007fff29d57000 	/System/Library/Frameworks/SecurityFoundation.framework/Versions/A/SecurityFoundation
0x00007fff2adff000 	/usr/lib/libutil.dylib
0x00007fff229d4000 	/System/Library/PrivateFrameworks/CoreServicesStore.framework/Versions/A/CoreServicesStore
0x00007fff29dee000 	/System/Library/Frameworks/ServiceManagement.framework/Versions/A/ServiceManagement
0x00007fff2ae03000 	/usr/lib/libxslt.1.dylib
0x00007fff29de4000 	/System/Library/PrivateFrameworks/BackgroundTaskManagement.framework/Versions/A/BackgroundTaskManagement
0x00007fff2bf42000 	/System/Library/Frameworks/ImageIO.framework/Versions/A/Resources/libRadiance.dylib
0x00007fff2bf4b000 	/System/Library/Frameworks/ImageIO.framework/Versions/A/Resources/libJPEG.dylib
0x00007fff2be99000 	/System/Library/Frameworks/ImageIO.framework/Versions/A/Resources/libPng.dylib
0x00007fff2bec0000 	/System/Library/Frameworks/ImageIO.framework/Versions/A/Resources/libTIFF.dylib
0x00007fff2bfa0000 	/System/Library/Frameworks/ImageIO.framework/Versions/A/Resources/libGIF.dylib
0x00007fff2bbfd000 	/System/Library/Frameworks/ImageIO.framework/Versions/A/Resources/libJP2.dylib
0x00007fff2b2e9000 	/usr/lib/libexpat.1.dylib
0x00007fff2bbb3000 	/System/Library/PrivateFrameworks/AppleJPEG.framework/Versions/A/AppleJPEG
0x00007fff28728000 	/System/Library/PrivateFrameworks/FontServices.framework/libFontParser.dylib
0x00007fff260d9000 	/System/Library/PrivateFrameworks/RunningBoardServices.framework/Versions/A/RunningBoardServices
0x00007fff2bcdb000 	/System/Library/PrivateFrameworks/WatchdogClient.framework/Versions/A/WatchdogClient
0x00007fff214b6000 	/System/Library/Frameworks/CoreDisplay.framework/Versions/A/CoreDisplay
0x00007fff2863d000 	/System/Library/Frameworks/CoreMedia.framework/Versions/A/CoreMedia
0x00007fff2749a000 	/System/Library/Frameworks/CoreVideo.framework/Versions/A/CoreVideo
0x00007fff2bd13000 	/System/Library/Frameworks/VideoToolbox.framework/Versions/A/VideoToolbox
0x00007fff26057000 	/System/Library/PrivateFrameworks/BaseBoard.framework/Versions/A/BaseBoard
0x00007fff2b42e000 	/System/Library/PrivateFrameworks/PersistentConnection.framework/Versions/A/PersistentConnection
0x00007fff25df2000 	/System/Library/PrivateFrameworks/ProtocolBuffer.framework/Versions/A/ProtocolBuffer
0x00007fff2603e000 	/System/Library/PrivateFrameworks/CommonUtilities.framework/Versions/A/CommonUtilities
0x00007fff2bb48000 	/System/Library/PrivateFrameworks/Bom.framework/Versions/A/Bom
0x00007fff2bf3b000 	/System/Library/PrivateFrameworks/GPUWrangler.framework/Versions/A/GPUWrangler
0x00007fff2bf1e000 	/System/Library/PrivateFrameworks/IOPresentment.framework/Versions/A/IOPresentment
0x00007fff2bf45000 	/System/Library/PrivateFrameworks/DSExternalDisplay.framework/Versions/A/DSExternalDisplay
0x00007fff2bfa5000 	/System/Library/PrivateFrameworks/CMCaptureCore.framework/Versions/A/CMCaptureCore
0x00007fff2b8ce000 	/System/Library/PrivateFrameworks/AppServerSupport.framework/Versions/A/AppServerSupport
0x00007fff2d972000 	/System/Library/PrivateFrameworks/perfdata.framework/Versions/A/perfdata
0x00007fff29d46000 	/System/Library/PrivateFrameworks/AssertionServices.framework/Versions/A/AssertionServices
0x00007fff215ed000 	/System/Library/PrivateFrameworks/AudioToolboxCore.framework/Versions/A/AudioToolboxCore
0x00007fff28620000 	/System/Library/PrivateFrameworks/caulk.framework/Versions/A/caulk
0x00007fff3cc01000 	/System/Library/PrivateFrameworks/SystemPolicy.framework/Versions/A/SystemPolicy
0x00007fff2b0df000 	/usr/lib/libIOReport.dylib
0x00007fff2d194000 	/usr/lib/libSMC.dylib
0x00007fff2be66000 	/usr/lib/libAudioToolboxUtility.dylib
0x00007fff3d566000 	/usr/lib/libmis.dylib
0x00007fff6b6af000 	/System/Library/Frameworks/OpenGL.framework/Versions/A/Libraries/libGLU.dylib
0x00007fff6b672000 	/System/Library/Frameworks/OpenGL.framework/Versions/A/Libraries/libGFXShared.dylib
0x00007fff6b881000 	/System/Library/Frameworks/OpenGL.framework/Versions/A/Libraries/libGL.dylib
0x00007fff6b67b000 	/System/Library/Frameworks/OpenGL.framework/Versions/A/Libraries/libGLImage.dylib
0x00007fff6b66f000 	/System/Library/Frameworks/OpenGL.framework/Versions/A/Libraries/libCVMSPluginSupport.dylib
0x00007fff6b65a000 	/System/Library/Frameworks/OpenGL.framework/Versions/A/Libraries/libCoreVMClient.dylib
0x00007fff6ccc2000 	/System/Library/Frameworks/OpenCL.framework/Versions/A/OpenCL
0x00007fff2b458000 	/System/Library/PrivateFrameworks/GraphVisualizer.framework/Versions/A/GraphVisualizer
0x00007fff2b467000 	/System/Library/PrivateFrameworks/FaceCore.framework/Versions/A/FaceCore
0x00007fff2b883000 	/System/Library/PrivateFrameworks/OTSVG.framework/Versions/A/OTSVG
0x00007fff27092000 	/System/Library/Frameworks/ApplicationServices.framework/Versions/A/Frameworks/ATS.framework/Versions/A/Resources/libFontRegistry.dylib
0x00007fff2b8d5000 	/System/Library/PrivateFrameworks/FontServices.framework/libhvf.dylib
0x00007fff2b295000 	/System/Library/PrivateFrameworks/AppleVA.framework/Versions/A/AppleVA
0x00007fff2cfdd000 	/System/Library/Frameworks/ApplicationServices.framework/Versions/A/Frameworks/ATS.framework/Versions/A/ATS
0x00007fff2d2ef000 	/System/Library/Frameworks/ApplicationServices.framework/Versions/A/Frameworks/ColorSyncLegacy.framework/Versions/A/ColorSyncLegacy
0x00007fff255bb000 	/System/Library/Frameworks/ApplicationServices.framework/Versions/A/Frameworks/HIServices.framework/Versions/A/HIServices
0x00007fff2d2d4000 	/System/Library/Frameworks/ApplicationServices.framework/Versions/A/Frameworks/LangAnalysis.framework/Versions/A/LangAnalysis
0x00007fff2bfaf000 	/System/Library/Frameworks/ApplicationServices.framework/Versions/A/Frameworks/PrintCore.framework/Versions/A/PrintCore
0x00007fff2d2f7000 	/System/Library/Frameworks/ApplicationServices.framework/Versions/A/Frameworks/QD.framework/Versions/A/QD
0x00007fff2cfcd000 	/System/Library/Frameworks/ApplicationServices.framework/Versions/A/Frameworks/SpeechSynthesis.framework/Versions/A/SpeechSynthesis
0x00007fff2bf70000 	/System/Library/Frameworks/ApplicationServices.framework/Versions/A/Frameworks/ATSUI.framework/Versions/A/ATSUI
0x00007fff2d274000 	/usr/lib/libcups.2.dylib
0x00007fff2d2e4000 	/System/Library/PrivateFrameworks/NetAuth.framework/Versions/A/NetAuth
0x00007fff2d98e000 	/System/Library/Frameworks/Kerberos.framework/Versions/A/Kerberos
0x00007fff2d99e000 	/System/Library/Frameworks/GSS.framework/Versions/A/GSS
0x00007fff2d049000 	/usr/lib/libresolv.9.dylib
0x00007fff2b8ea000 	/System/Library/PrivateFrameworks/Heimdal.framework/Versions/A/Heimdal
0x00007fff33705000 	/System/Library/Frameworks/Kerberos.framework/Versions/A/Libraries/libHeimdalProxy.dylib
0x00007fff261aa000 	/System/Library/Frameworks/Network.framework/Versions/A/Network
0x00007fff2b303000 	/usr/lib/libheimdal-asn1.dylib
0x00007fff2d9ee000 	/System/Library/PrivateFrameworks/CommonAuth.framework/Versions/A/CommonAuth
0x00007fff274e7000 	/System/Library/PrivateFrameworks/login.framework/Versions/A/Frameworks/loginsupport.framework/Versions/A/loginsupport
0x00007fff2cf52000 	/System/Library/PrivateFrameworks/AudioSession.framework/Versions/A/AudioSession
0x00007fff2cfba000 	/usr/lib/libAudioStatistics.dylib
0x00007fff2b390000 	/System/Library/PrivateFrameworks/MediaExperience.framework/Versions/A/MediaExperience
0x00007fff2cdf0000 	/System/Library/PrivateFrameworks/AudioSession.framework/libSessionUtility.dylib
0x00007fff2d97f000 	/usr/lib/libperfcheck.dylib
0x00007fff2d303000 	/System/Library/PrivateFrameworks/AudioResourceArbitration.framework/Versions/A/AudioResourceArbitration
0x00007fff2b30d000 	/System/Library/PrivateFrameworks/IconFoundation.framework/Versions/A/IconFoundation
0x00007fff2fe14000 	/System/Library/PrivateFrameworks/SpeechRecognitionCore.framework/Versions/A/SpeechRecognitionCore
0x000000010f000000 	/Users/judypark/Library/Java/JavaVirtualMachines/corretto-1.8.0_275/Contents/Home/jre/lib/server/libjvm.dylib
0x000000010a9c5000 	/Users/judypark/Library/Java/JavaVirtualMachines/corretto-1.8.0_275/Contents/Home/jre/lib/libverify.dylib
0x000000010a9e7000 	/Users/judypark/Library/Java/JavaVirtualMachines/corretto-1.8.0_275/Contents/Home/jre/lib/libjava.dylib
0x000000010aa5e000 	/Users/judypark/Library/Java/JavaVirtualMachines/corretto-1.8.0_275/Contents/Home/jre/lib/libinstrument.dylib
0x000000010aaf1000 	/Users/judypark/Library/Java/JavaVirtualMachines/corretto-1.8.0_275/Contents/Home/jre/lib/libzip.dylib
0x0000000126e5b000 	/Users/judypark/Library/Java/JavaVirtualMachines/corretto-1.8.0_275/Contents/Home/jre/lib/libnio.dylib
0x0000000126e86000 	/Users/judypark/Library/Java/JavaVirtualMachines/corretto-1.8.0_275/Contents/Home/jre/lib/libnet.dylib
0x0000000126f38000 	/Users/judypark/Library/Java/JavaVirtualMachines/corretto-1.8.0_275/Contents/Home/jre/lib/libprism_es2.dylib
0x00007fff22995000 	/System/Library/PrivateFrameworks/CoreServicesInternal.framework/Versions/A/CoreServicesInternal
0x00007fff6b88c000 	/System/Library/Frameworks/OpenGL.framework/Versions/A/Resources/GLEngine.bundle/GLEngine
0x00007fff6b6ec000 	/System/Library/Frameworks/OpenGL.framework/Versions/A/Libraries/libGLProgrammability.dylib
0x00000001271db000 	/System/Library/Extensions/AppleMetalGLRenderer.bundle/Contents/MacOS/AppleMetalGLRenderer
0x00007fff6ba08000 	/System/Library/Frameworks/OpenGL.framework/Versions/A/Resources/GLRendererFloat.bundle/GLRendererFloat
0x0000000127331000 	/System/Library/Extensions/AGXMetal13_3.bundle/Contents/MacOS/AGXMetal13_3
0x00007fff387b5000 	/System/Library/PrivateFrameworks/IOGPU.framework/Versions/A/IOGPU
0x00007fff691e5000 	/System/Library/PrivateFrameworks/GPUCompiler.framework/Versions/31001/Libraries/libmetal_timestamp.dylib
0x00000001286e2000 	/Users/judypark/Library/Java/JavaVirtualMachines/corretto-1.8.0_275/Contents/Home/jre/lib/libglass.dylib
0x00007fff3131a000 	/System/Library/Frameworks/FileProvider.framework/Versions/A/FileProvider
0x00007fff25fc1000 	/System/Library/Frameworks/Accounts.framework/Versions/A/Accounts
0x00007fff3143b000 	/System/Library/PrivateFrameworks/GenerationalStorage.framework/Versions/A/GenerationalStorage
0x00007fff31df4000 	/System/Library/PrivateFrameworks/CoreSymbolication.framework/Versions/A/CoreSymbolication
0x00007fff30d39000 	/System/Library/PrivateFrameworks/SymptomDiagnosticReporter.framework/Versions/A/SymptomDiagnosticReporter
0x00007fff2e62b000 	/System/Library/PrivateFrameworks/AppContainer.framework/Versions/A/AppContainer
0x00007fff23ad8000 	/System/Library/PrivateFrameworks/DesktopServicesPriv.framework/Versions/A/DesktopServicesPriv
0x00007fff22ac9000 	/usr/lib/libsandbox.1.dylib
0x00007fff27513000 	/System/Library/PrivateFrameworks/UserManagement.framework/Versions/A/UserManagement
0x00007fff29d23000 	/System/Library/PrivateFrameworks/MobileKeyBag.framework/Versions/A/MobileKeyBag
0x00007fff34767000 	/System/Library/PrivateFrameworks/ChunkingLibrary.framework/Versions/A/ChunkingLibrary
0x00007fff31db7000 	/System/Library/PrivateFrameworks/DebugSymbols.framework/Versions/A/DebugSymbols
0x00007fff2e640000 	/System/Library/PrivateFrameworks/SecCodeWrapper.framework/Versions/A/SecCodeWrapper
0x00007fff2b0e7000 	/System/Library/PrivateFrameworks/CrashReporterSupport.framework/Versions/A/CrashReporterSupport
0x00007fff47a03000 	/System/Library/PrivateFrameworks/OSAnalytics.framework/Versions/A/OSAnalytics
0x00007fff78275000 	/usr/lib/libRosetta.dylib
0x00007fff33155000 	/System/Library/PrivateFrameworks/RemoteServiceDiscovery.framework/Versions/A/RemoteServiceDiscovery
0x00007fff514d7000 	/System/Library/PrivateFrameworks/Symbolication.framework/Versions/A/Symbolication
0x00007fff33165000 	/System/Library/PrivateFrameworks/RemoteXPC.framework/Versions/A/RemoteXPC
0x00007fff39450000 	/System/Library/PrivateFrameworks/OSAServicesClient.framework/Versions/A/OSAServicesClient
0x00007fff3d545000 	/System/Library/PrivateFrameworks/MallocStackLogging.framework/Versions/A/MallocStackLogging
0x00007fff2e3c3000 	/System/Library/PrivateFrameworks/Sharing.framework/Versions/A/Sharing
0x00007fff32d32000 	/System/Library/PrivateFrameworks/Apple80211.framework/Versions/A/Apple80211
0x00007fff2a3a9000 	/System/Library/PrivateFrameworks/AuthKit.framework/Versions/A/AuthKit
0x00007fff29b23000 	/System/Library/PrivateFrameworks/CoreUtils.framework/Versions/A/CoreUtils
0x00007fff29a50000 	/System/Library/Frameworks/CoreWLAN.framework/Versions/A/CoreWLAN
0x00007fff2e50a000 	/System/Library/Frameworks/IOBluetooth.framework/Versions/A/IOBluetooth
0x00007fff32d96000 	/System/Library/PrivateFrameworks/CoreWiFi.framework/Versions/A/CoreWiFi
0x00007fff2da74000 	/System/Library/PrivateFrameworks/CorePhoneNumbers.framework/Versions/A/CorePhoneNumbers
0x00007fff30e41000 	/System/Library/PrivateFrameworks/DiskManagement.framework/Versions/A/DiskManagement
0x00007fff30d57000 	/System/Library/PrivateFrameworks/AppleIDAuthSupport.framework/Versions/A/AppleIDAuthSupport
0x00007fff2da51000 	/System/Library/PrivateFrameworks/KeychainCircle.framework/Versions/A/KeychainCircle
0x00007fff30e0d000 	/System/Library/PrivateFrameworks/MediaKit.framework/Versions/A/MediaKit
0x00007fff30d64000 	/System/Library/Frameworks/DiscRecording.framework/Versions/A/DiscRecording
0x00007fff2b209000 	/usr/lib/libCoreStorage.dylib
0x00007fff331d0000 	/usr/lib/libcsfde.dylib
0x00007fff2e644000 	/System/Library/PrivateFrameworks/ProtectedCloudStorage.framework/Versions/A/ProtectedCloudStorage
0x00007fff331c8000 	/System/Library/PrivateFrameworks/EFILogin.framework/Versions/A/EFILogin
0x00007fff337b8000 	/System/Library/Frameworks/AudioUnit.framework/Versions/A/AudioUnit
0x00007fff30ca3000 	/System/Library/Frameworks/CoreBluetooth.framework/Versions/A/CoreBluetooth
0x00007fff2b201000 	/usr/lib/libMatch.1.dylib
0x0000000129d71000 	/usr/lib/libobjc-trampolines.dylib
0x00007fff41116000 	/System/Library/Frameworks/Accelerate.framework/Versions/A/Frameworks/vImage.framework/Versions/A/Libraries/libCGInterfaces.dylib
0x00007fff27216000 	/System/Library/PrivateFrameworks/ViewBridge.framework/Versions/A/ViewBridge
0x0000000127085000 	/Users/judypark/Library/Java/JavaVirtualMachines/corretto-1.8.0_275/Contents/Home/jre/lib/libjavafx_font.dylib
0x00007fff2b9ab000 	/System/Library/PrivateFrameworks/login.framework/Versions/A/login
0x000000012d60c000 	/Users/judypark/Library/Java/JavaVirtualMachines/corretto-1.8.0_275/Contents/Home/jre/lib/libprism_common.dylib
0x00007fff304bd000 	/System/Library/PrivateFrameworks/SystemAdministration.framework/Versions/A/SystemAdministration
0x00007fff2c1a8000 	/System/Library/Frameworks/MediaToolbox.framework/Versions/A/MediaToolbox
0x00007fff2fddc000 	/System/Library/Frameworks/DirectoryService.framework/Versions/A/DirectoryService
0x00007fff3306e000 	/System/Library/PrivateFrameworks/DiskImages.framework/Versions/A/DiskImages
0x00007fff33242000 	/System/Library/PrivateFrameworks/LoginUIKit.framework/Versions/A/Frameworks/LoginUICore.framework/Versions/A/LoginUICore
0x00007fff2bb44000 	/usr/lib/libodfde.dylib
0x00007fff312ec000 	/System/Library/PrivateFrameworks/CoreAVCHD.framework/Versions/A/CoreAVCHD
0x00007fff30480000 	/System/Library/Frameworks/MediaAccessibility.framework/Versions/A/MediaAccessibility
0x00007fff312e8000 	/System/Library/PrivateFrameworks/Mangrove.framework/Versions/A/Mangrove
0x00007fff3048c000 	/System/Library/PrivateFrameworks/AlgosScoreFramework.framework/Versions/A/AlgosScoreFramework
0x00007fff31ca7000 	/System/Library/PrivateFrameworks/AppleVPA.framework/Versions/A/AppleVPA
0x00007fff30f2d000 	/System/Library/PrivateFrameworks/CoreAUC.framework/Versions/A/CoreAUC
0x00007fff331dc000 	/usr/lib/libcurl.4.dylib
0x00007fff32f3c000 	/usr/lib/libcrypto.44.dylib
0x00007fff33040000 	/usr/lib/libssl.46.dylib
0x00007fff32f02000 	/System/Library/Frameworks/LDAP.framework/Versions/A/LDAP
0x00007fff32f3a000 	/System/Library/PrivateFrameworks/TrustEvaluationAgent.framework/Versions/A/TrustEvaluationAgent
0x00007fff2d062000 	/usr/lib/libsasl2.2.dylib
0x00007fff304b1000 	/System/Library/PrivateFrameworks/CoreDaemon.framework/Versions/B/CoreDaemon
0x00007fff304ac000 	/System/Library/PrivateFrameworks/AppleSRP.framework/Versions/A/AppleSRP
0x000000012e64c000 	/Users/judypark/Library/Java/JavaVirtualMachines/corretto-1.8.0_275/Contents/Home/jre/lib/libsunec.dylib
0x000000012f368000 	/Users/judypark/Library/Java/JavaVirtualMachines/corretto-1.8.0_275/Contents/Home/jre/lib/libawt.dylib
0x000000012f4ac000 	/Users/judypark/Library/Java/JavaVirtualMachines/corretto-1.8.0_275/Contents/Home/jre/lib/libmlib_image.dylib
0x00007fff6e6e6000 	/System/Library/Frameworks/JavaNativeFoundation.framework/Versions/A/JavaNativeFoundation
0x00007fff6e6f2000 	/System/Library/Frameworks/JavaRuntimeSupport.framework/Versions/A/JavaRuntimeSupport
0x00007fff3c983000 	/System/Library/Frameworks/Carbon.framework/Versions/A/Carbon
0x00007fff365eb000 	/System/Library/Frameworks/Carbon.framework/Versions/A/Frameworks/CommonPanels.framework/Versions/A/CommonPanels
0x00007fff331c4000 	/System/Library/Frameworks/Carbon.framework/Versions/A/Frameworks/Help.framework/Versions/A/Help
0x00007fff365ef000 	/System/Library/Frameworks/Carbon.framework/Versions/A/Frameworks/ImageCapture.framework/Versions/A/ImageCapture
0x00007fff365c7000 	/System/Library/Frameworks/Carbon.framework/Versions/A/Frameworks/OpenScripting.framework/Versions/A/OpenScripting
0x00007fff365e7000 	/System/Library/Frameworks/Carbon.framework/Versions/A/Frameworks/Ink.framework/Versions/A/Ink
0x00007fff3c97f000 	/System/Library/Frameworks/Carbon.framework/Versions/A/Frameworks/Print.framework/Versions/A/Print
0x00007fff365e3000 	/System/Library/Frameworks/Carbon.framework/Versions/A/Frameworks/SecurityHI.framework/Versions/A/SecurityHI
0x000000012f630000 	/Users/judypark/Library/Java/JavaVirtualMachines/corretto-1.8.0_275/Contents/Home/jre/lib/libawt_lwawt.dylib
0x000000012eb21000 	/Users/judypark/Library/Java/JavaVirtualMachines/corretto-1.8.0_275/Contents/Home/jre/lib/libosxapp.dylib
0x00007fff3c00b000 	/System/Library/Frameworks/ExceptionHandling.framework/Versions/A/ExceptionHandling

VM Arguments:
jvm_args: -javaagent:/Applications/IntelliJ IDEA CE.app/Contents/lib/idea_rt.jar=61576:/Applications/IntelliJ IDEA CE.app/Contents/bin -Dfile.encoding=UTF-8 
java_command: ISpyServer
java_class_path (initial): /Users/judypark/Library/Java/JavaVirtualMachines/corretto-1.8.0_275/Contents/Home/jre/lib/charsets.jar:/Users/judypark/Library/Java/JavaVirtualMachines/corretto-1.8.0_275/Contents/Home/jre/lib/ext/cldrdata.jar:/Users/judypark/Library/Java/JavaVirtualMachines/corretto-1.8.0_275/Contents/Home/jre/lib/ext/dnsns.jar:/Users/judypark/Library/Java/JavaVirtualMachines/corretto-1.8.0_275/Contents/Home/jre/lib/ext/jaccess.jar:/Users/judypark/Library/Java/JavaVirtualMachines/corretto-1.8.0_275/Contents/Home/jre/lib/ext/jfxrt.jar:/Users/judypark/Library/Java/JavaVirtualMachines/corretto-1.8.0_275/Contents/Home/jre/lib/ext/localedata.jar:/Users/judypark/Library/Java/JavaVirtualMachines/corretto-1.8.0_275/Contents/Home/jre/lib/ext/nashorn.jar:/Users/judypark/Library/Java/JavaVirtualMachines/corretto-1.8.0_275/Contents/Home/jre/lib/ext/sunec.jar:/Users/judypark/Library/Java/JavaVirtualMachines/corretto-1.8.0_275/Contents/Home/jre/lib/ext/sunjce_provider.jar:/Users/judypark/Library/Java/JavaVirtualMachines/corretto-1.8.0_275/Contents/Home/jre/lib/ext/sunpkcs11.jar:/Users/judypark/Library/Java/JavaVirtualMachines/corretto-1.8.0_275/Contents/Home/jre/lib/ext/zipfs.jar:/Users/judypark/Library/Java/JavaVirtualMachines/corretto-1.8.0_275/Contents/Home/jre/lib/jce.jar:/Users/judypark/Library/Java/JavaVirtualMachines/corretto-1.8.0_275/Contents/Home/jre/lib/jfr.jar:/Users/judypark/Library/Java/JavaVirtualMachines/corretto-1.8.0_275/Contents/Home/jre/lib/jfxswt.jar:/Users/judypark/Library/Java/JavaVirtualMachines/corretto-1.8.0_275/Contents/Home/jre/lib/jsse.jar:/Users/judypark/Library/Java/JavaVirtualMachines/corretto-1.8.0_275/Contents/Home/jre/lib/management-agent.jar:/Users/judypark/Library/Java/JavaVirtualMachines/corretto-1.8.0_275/Contents/Home/jre/lib/resources.jar:/Users/judypark/Library/Java/JavaVirtualMachines/corretto-1.8.0_275/Contents/Home/jre/lib/rt.jar:/Users/judypark/Library/Java/JavaVirtualMachines/corretto-1.8.0_275/Contents/Home/lib/ant-java
Launcher Type: SUN_STANDARD

Environment Variables:
PATH=/Users/judypark/opt/anaconda3/bin:/Users/judypark/opt/anaconda3/condabin:/usr/local/bin:/usr/bin:/bin:/usr/sbin:/sbin:/usr/local/share/dotnet:~/.dotnet/tools:/Library/Apple/usr/bin:/Library/Frameworks/Mono.framework/Versions/Current/Commands
SHELL=/bin/zsh

Signal Handlers:
SIGSEGV: [libjvm.dylib+0x5c046b], sa_mask[0]=11111111111111111111111111111111, sa_flags=SA_ONSTACK|SA_RESTART|SA_SIGINFO
SIGBUS: [libjvm.dylib+0x5c046b], sa_mask[0]=11111111111111111111111111111111, sa_flags=SA_RESTART|SA_SIGINFO
SIGFPE: [libjvm.dylib+0x4a2e61], sa_mask[0]=11111111111111111111111111111111, sa_flags=SA_RESTART|SA_SIGINFO
SIGPIPE: [libjvm.dylib+0x4a2e61], sa_mask[0]=11111111111111111111111111111111, sa_flags=SA_RESTART|SA_SIGINFO
SIGXFSZ: [libjvm.dylib+0x4a2e61], sa_mask[0]=11111111111111111111111111111111, sa_flags=SA_RESTART|SA_SIGINFO
SIGILL: [libjvm.dylib+0x4a2e61], sa_mask[0]=11111111111111111111111111111111, sa_flags=SA_RESTART|SA_SIGINFO
SIGUSR1: SIG_DFL, sa_mask[0]=00000000000000000000000000000000, sa_flags=none
SIGUSR2: [libjvm.dylib+0x4a3769], sa_mask[0]=00100000000000000000000000000000, sa_flags=SA_RESTART|SA_SIGINFO
SIGHUP: [libjvm.dylib+0x4a1971], sa_mask[0]=11111111111111111111111111111111, sa_flags=SA_RESTART|SA_SIGINFO
SIGINT: [libjvm.dylib+0x4a1971], sa_mask[0]=11111111111111111111111111111111, sa_flags=SA_RESTART|SA_SIGINFO
SIGTERM: [libjvm.dylib+0x4a1971], sa_mask[0]=11111111111111111111111111111111, sa_flags=SA_RESTART|SA_SIGINFO
SIGQUIT: [libjvm.dylib+0x4a1971], sa_mask[0]=11111111111111111111111111111111, sa_flags=SA_RESTART|SA_SIGINFO


---------------  S Y S T E M  ---------------

OS:Bsduname:Darwin 20.1.0 Darwin Kernel Version 20.1.0: Sun Oct 18 15:32:00 PDT 2020; root:xnu-7195.41.8~9/RELEASE_ARM64_T8101 x86_64
rlimit: STACK 8176k, CORE 0k, NPROC 1333, NOFILE 10240, AS infinity
load average:6.39 6.06 4.87

CPU:total 8 (initial active 8) (1 cores per cpu, 1 threads per core) family 6 model 44 stepping 0, cmov, cx8, fxsr, mmx, sse, sse2, sse3, ssse3, sse4.1, sse4.2, popcnt, aes, clmul, tsc, tscinvbit, tscinv

Memory: 4k page, physical 8388608k(66208k free)

/proc/meminfo:


vm_info: OpenJDK 64-Bit Server VM (25.275-b01) for bsd-amd64 JRE (1.8.0_275-b01), built on Nov  5 2020 11:20:11 by "corretto" with gcc 4.2.1 Compatible Apple LLVM 6.1.0 (clang-602.0.53)

time: Fri Apr  9 21:38:54 2021
timezone: CDT
elapsed time: 35.349973 seconds (0d 0h 0m 35s)

